<?xml version="1.0" encoding="UTF-8"?>
<testsuite xmlns:xsi="http://www.w3.org/2001/XMLSchema-instance" xsi:noNamespaceSchemaLocation="https://maven.apache.org/surefire/maven-surefire-plugin/xsd/surefire-test-report.xsd" name="ru.netology.JavaDZ10.services.RadioTest" time="0.038" tests="18" errors="0" skipped="0" failures="0">
  <properties>
    <property name="sun.desktop" value="windows"/>
    <property name="awt.toolkit" value="sun.awt.windows.WToolkit"/>
    <property name="java.specification.version" value="11"/>
    <property name="sun.cpu.isalist" value="amd64"/>
    <property name="sun.jnu.encoding" value="Cp1251"/>
    <property name="java.class.path" value="C:\Users\jenek\Desktop\IT-QA\JavaDZ10\target\test-classes;C:\Users\jenek\Desktop\IT-QA\JavaDZ10\target\classes;C:\Users\jenek\.m2\repository\org\junit\jupiter\junit-jupiter\5.7.0\junit-jupiter-5.7.0.jar;C:\Users\jenek\.m2\repository\org\junit\jupiter\junit-jupiter-api\5.7.0\junit-jupiter-api-5.7.0.jar;C:\Users\jenek\.m2\repository\org\apiguardian\apiguardian-api\1.1.0\apiguardian-api-1.1.0.jar;C:\Users\jenek\.m2\repository\org\opentest4j\opentest4j\1.2.0\opentest4j-1.2.0.jar;C:\Users\jenek\.m2\repository\org\junit\platform\junit-platform-commons\1.7.0\junit-platform-commons-1.7.0.jar;C:\Users\jenek\.m2\repository\org\junit\jupiter\junit-jupiter-params\5.7.0\junit-jupiter-params-5.7.0.jar;C:\Users\jenek\.m2\repository\org\junit\jupiter\junit-jupiter-engine\5.7.0\junit-jupiter-engine-5.7.0.jar;C:\Users\jenek\.m2\repository\org\junit\platform\junit-platform-engine\1.7.0\junit-platform-engine-1.7.0.jar;"/>
    <property name="java.vm.vendor" value="Amazon.com Inc."/>
    <property name="sun.arch.data.model" value="64"/>
    <property name="user.variant" value=""/>
    <property name="java.vendor.url" value="https://aws.amazon.com/corretto/"/>
    <property name="user.timezone" value="Europe/Moscow"/>
    <property name="java.vm.specification.version" value="11"/>
    <property name="os.name" value="Windows 10"/>
    <property name="sun.java.launcher" value="SUN_STANDARD"/>
    <property name="user.country" value="RU"/>
    <property name="sun.boot.library.path" value="C:\Users\jenek\.jdks\corretto-11.0.19\bin"/>
    <property name="sun.java.command" value="C:\Users\jenek\AppData\Local\Temp\surefire2778366940738619980\surefirebooter6742653928725444853.jar C:\Users\jenek\AppData\Local\Temp\surefire2778366940738619980 2023-07-10T12-58-44_200-jvmRun1 surefire17229828823672490362tmp surefire_015051817062686544445tmp"/>
    <property name="jdk.debug" value="release"/>
    <property name="surefire.test.class.path" value="C:\Users\jenek\Desktop\IT-QA\JavaDZ10\target\test-classes;C:\Users\jenek\Desktop\IT-QA\JavaDZ10\target\classes;C:\Users\jenek\.m2\repository\org\junit\jupiter\junit-jupiter\5.7.0\junit-jupiter-5.7.0.jar;C:\Users\jenek\.m2\repository\org\junit\jupiter\junit-jupiter-api\5.7.0\junit-jupiter-api-5.7.0.jar;C:\Users\jenek\.m2\repository\org\apiguardian\apiguardian-api\1.1.0\apiguardian-api-1.1.0.jar;C:\Users\jenek\.m2\repository\org\opentest4j\opentest4j\1.2.0\opentest4j-1.2.0.jar;C:\Users\jenek\.m2\repository\org\junit\platform\junit-platform-commons\1.7.0\junit-platform-commons-1.7.0.jar;C:\Users\jenek\.m2\repository\org\junit\jupiter\junit-jupiter-params\5.7.0\junit-jupiter-params-5.7.0.jar;C:\Users\jenek\.m2\repository\org\junit\jupiter\junit-jupiter-engine\5.7.0\junit-jupiter-engine-5.7.0.jar;C:\Users\jenek\.m2\repository\org\junit\platform\junit-platform-engine\1.7.0\junit-platform-engine-1.7.0.jar;"/>
    <property name="sun.cpu.endian" value="little"/>
    <property name="user.home" value="C:\Users\jenek"/>
    <property name="user.language" value="ru"/>
    <property name="java.specification.vendor" value="Oracle Corporation"/>
    <property name="java.version.date" value="2023-04-18"/>
    <property name="java.home" value="C:\Users\jenek\.jdks\corretto-11.0.19"/>
    <property name="file.separator" value="\"/>
    <property name="basedir" value="C:\Users\jenek\Desktop\IT-QA\JavaDZ10"/>
    <property name="java.vm.compressedOopsMode" value="Zero based"/>
    <property name="line.separator" value="&#10;"/>
    <property name="java.specification.name" value="Java Platform API Specification"/>
    <property name="java.vm.specification.vendor" value="Oracle Corporation"/>
    <property name="java.awt.graphicsenv" value="sun.awt.Win32GraphicsEnvironment"/>
    <property name="surefire.real.class.path" value="C:\Users\jenek\AppData\Local\Temp\surefire2778366940738619980\surefirebooter6742653928725444853.jar"/>
    <property name="user.script" value=""/>
    <property name="sun.management.compiler" value="HotSpot 64-Bit Tiered Compilers"/>
    <property name="java.runtime.version" value="11.0.19+7-LTS"/>
    <property name="user.name" value="jenek"/>
    <property name="path.separator" value=";"/>
    <property name="os.version" value="10.0"/>
    <property name="java.runtime.name" value="OpenJDK Runtime Environment"/>
    <property name="file.encoding" value="Cp1251"/>
    <property name="java.vm.name" value="OpenJDK 64-Bit Server VM"/>
    <property name="java.vendor.version" value="Corretto-11.0.19.7.1"/>
    <property name="localRepository" value="C:\Users\jenek\.m2\repository"/>
    <property name="java.vendor.url.bug" value="https://github.com/corretto/corretto-11/issues/"/>
    <property name="java.io.tmpdir" value="C:\Users\jenek\AppData\Local\Temp\"/>
    <property name="idea.version" value="2023.1.2"/>
    <property name="java.version" value="11.0.19"/>
    <property name="user.dir" value="C:\Users\jenek\Desktop\IT-QA\JavaDZ10"/>
    <property name="os.arch" value="amd64"/>
    <property name="java.vm.specification.name" value="Java Virtual Machine Specification"/>
    <property name="java.awt.printerjob" value="sun.awt.windows.WPrinterJob"/>
    <property name="sun.os.patch.level" value=""/>
    <property name="java.library.path" value="C:\Users\jenek\.jdks\corretto-11.0.19\bin;C:\WINDOWS\Sun\Java\bin;C:\WINDOWS\system32;C:\WINDOWS;C:\Program Files\Eclipse Adoptium\jdk-11.0.18.10-hotspot\bin;C:\Windows\system32;C:\Windows;C:\Windows\System32\Wbem;C:\Windows\System32\WindowsPowerShell\v1.0\;C:\Windows\System32\OpenSSH\;C:\Program Files\NVIDIA Corporation\NVIDIA NvDLISR;C:\Program Files\Common Files\Autodesk Shared\;C:\Program Files\Microsoft SQL Server\120\Tools\Binn\;C:\Program Files\dotnet\;C:\Program Files (x86)\NVIDIA Corporation\PhysX\Common;D:\Siemens\NX\CAPITALINTEGRATION\capitalnxremote\;C:\WINDOWS\system32;C:\WINDOWS;C:\WINDOWS\System32\Wbem;C:\WINDOWS\System32\WindowsPowerShell\v1.0\;C:\WINDOWS\System32\OpenSSH\;C:\Program Files\Git\cmd;C:\Users\jenek\AppData\Local\Microsoft\WindowsApps;C:\Users\jenek\.dotnet\tools;;C:\Users\jenek\AppData\Local\Programs\Microsoft VS Code\bin;."/>
    <property name="java.vm.info" value="mixed mode"/>
    <property name="java.vendor" value="Amazon.com Inc."/>
    <property name="java.vm.version" value="11.0.19+7-LTS"/>
    <property name="sun.io.unicode.encoding" value="UnicodeLittle"/>
    <property name="java.class.version" value="55.0"/>
  </properties>
  <testcase name="shouldUnderMinVolume" classname="ru.netology.JavaDZ10.services.RadioTest" time="0.022"/>
  <testcase name="shouldUnderMaxStation" classname="ru.netology.JavaDZ10.services.RadioTest" time="0"/>
  <testcase name="shouldMaxVolume" classname="ru.netology.JavaDZ10.services.RadioTest" time="0"/>
  <testcase name="shouldMinVolume" classname="ru.netology.JavaDZ10.services.RadioTest" time="0"/>
  <testcase name="shouldSetStation" classname="ru.netology.JavaDZ10.services.RadioTest" time="0"/>
  <testcase name="shouldSetVolume" classname="ru.netology.JavaDZ10.services.RadioTest" time="0"/>
  <testcase name="shouldNextStation" classname="ru.netology.JavaDZ10.services.RadioTest" time="0"/>
  <testcase name="shouldMinStation" classname="ru.netology.JavaDZ10.services.RadioTest" time="0.001"/>
  <testcase name="ShouldUnderNextStation" classname="ru.netology.JavaDZ10.services.RadioTest" time="0"/>
  <testcase name="shouldBackUpStation" classname="ru.netology.JavaDZ10.services.RadioTest" time="0"/>
  <testcase name="shouldBackVolume" classname="ru.netology.JavaDZ10.services.RadioTest" time="0.001"/>
  <testcase name="shouldUpNextVolume" classname="ru.netology.JavaDZ10.services.RadioTest" time="0"/>
  <testcase name="shouldBackStation" classname="ru.netology.JavaDZ10.services.RadioTest" time="0"/>
  <testcase name="shouldUnderBackVolume" classname="ru.netology.JavaDZ10.services.RadioTest" time="0.001"/>
  <testcase name="shouldUpMaxVolume" classname="ru.netology.JavaDZ10.services.RadioTest" time="0"/>
  <testcase name="shouldNextVolume" classname="ru.netology.JavaDZ10.services.RadioTest" time="0"/>
  <testcase name="shouldMinUpStation" classname="ru.netology.JavaDZ10.services.RadioTest" time="0"/>
  <testcase name="shouldMaxStation" classname="ru.netology.JavaDZ10.services.RadioTest" time="0"/>
</testsuite>